
Platform: QUALCOMM Snapdragon(TM)
  Device: QUALCOMM Adreno(TM)
    Driver version  : OpenCL 1.1 (Android)
    Compute units   : 1
    Clock frequency : 400 MHz

    Global memory bandwidth (GBPS)
      float   : 0.58
      float2  : 1.55
      float4  : clEnqueueNDRangeKernel(-54)
      Tests skipped

    Single-precision compute (GFLOPS)
      float   : 4.86
      float2  : 5.34
      float4  : 8.47
      float8  : 8.47
      float16 : 8.41

    No double precision support! Skipped

    Integer compute (GIOPS)
      int   : 1.34
      int2  : 1.93
      int4  : 2.47
      int8  : 2.64
      int16 : clEnqueueNDRangeKernel(-54)
      Tests skipped

    Transfer bandwidth (GBPS)
      enqueueWriteBuffer         : 1.94
      enqueueReadBuffer          : 1.18
      enqueueMapBuffer(for read) : 1461.27
        memcpy from mapped ptr   : 1.18
      enqueueUnmap(after write)  : 1976.70
        memcpy to mapped ptr     : 1.38

    Kernel launch latency : 135.32 us
