
Platform: QUALCOMM Snapdragon(TM)
  Device: QUALCOMM Adreno(TM)
    Driver version  : OpenCL 1.1 QUALCOMM 20.00.01 (Android)
    Compute units   : 4
    Clock frequency : 320 MHz

    Global memory bandwidth (GBPS)
      float   : 2.53
      float2  : 5.67
      float4  : 8.04
      float8  : clEnqueueNDRangeKernel (-54)
      Tests skipped

    Single-precision compute (GFLOPS)
      float   : 34.13
      float2  : 58.82
      float4  : 79.61
      float8  : 79.28
      float16 : 76.52

    No double precision support! Skipped

    Integer compute (GIOPS)
      int   : 8.48
      int2  : 11.00
      int4  : 13.25
      int8  : 14.26
      int16 : 9.50

    Transfer bandwidth (GBPS)
      enqueueWriteBuffer         : 4.39
      enqueueReadBuffer          : 1.43
      enqueueMapBuffer(for read) : 2592.33
        memcpy from mapped ptr   : 1.44
      enqueueUnmap(after write)  : 1993.58
        memcpy to mapped ptr     : 1.56

    Kernel launch latency : 160.66 us
