Platform: QUALCOMM Snapdragon(TM)
  Device: QUALCOMM Adreno(TM)
    Driver version  : OpenCL 2.0 QUALCOMM build: commit #6ff34ae changeid #I0ac3940325 Date: 09/23/16 Fri Local Branch:  Remote Branch: refs/tags/AU_LINUX_ANDROID_LA.HB.1.3.2.06.00.01.214.261 Compiler E031.31.00.01 (Android)
    Compute units   : 4
    Clock frequency : 1 MHz

    Global memory bandwidth (GBPS)
      float   : 15.28
      float2  : 11.46
      float4  : 16.31
      float8  : 20.20
      float16 : 20.43

    Single-precision compute (GFLOPS)
      float   : 249.85
      float2  : 249.99
      float4  : 237.66
      float8  : 263.18
      float16 : 202.15

    half-precision compute (GFLOPS)
      half   : 260.10
      half2  : 391.85
      half4  : 383.45
      half8  : 270.69
      half16 : 202.19

    No double precision support! Skipped

    Integer compute (GIOPS)
      int   : 52.21
      int2  : 55.46
      int4  : 71.81
      int8  : 69.74
      int16 : 69.22

    Transfer bandwidth (GBPS)
      enqueueWriteBuffer         : 18.17
      enqueueReadBuffer          : 8.72
      enqueueMapBuffer(for read) : 2839.08
        memcpy from mapped ptr   : 8.45
      enqueueUnmap(after write)  : 816.78
        memcpy to mapped ptr     : 9.77

    Kernel launch latency : 296.08 us
