
Platform: Experiment Intel Gen OCL Driver
  Device: Intel(R) HD Graphics IvyBridge GT1
    Driver version  : 0.8.0 (Linux x64)
    Compute units   : 64
    Clock frequency : 1000 MHz

    Global memory bandwidth (GBPS)
      float   : 9.10
      float2  : 11.79
      float4  : 11.27
      float8  : 8.60
      float16 : 5.42

    Single-precision compute (GFLOPS)
      float   : 41.61
      float2  : 45.24
      float4  : 45.09
      float8  : 44.94
      float16 : 44.78

    No double precision support! Skipped

    Transfer bandwidth (GBPS)
      enqueueWriteBuffer         : 8.02
      enqueueReadBuffer          : 5.57
      enqueueMapBuffer(for read) : 134217.73
        memcpy from mapped ptr   : 0.18
      enqueueUnmap(after write)  : 223696.20
        memcpy to mapped ptr     : 6.33

    Kernel launch latency : clGetEventProfileInfo(-7)
    Tests skipped
