
Platform: AMD Accelerated Parallel Processing
  Device: Fiji
    Driver version  : 1912.5 (VM) (Linux x64)
    Compute units   : 64
    Clock frequency : 1000 MHz

    Global memory bandwidth (GBPS)
      float   : 441.14
      float2  : 453.39
      float4  : 445.10
      float8  : 205.38
      float16 : 103.30

    Single-precision compute (GFLOPS)
      float   : 7590.98
      float2  : 7332.96
      float4  : 7168.11
      float8  : 7112.96
      float16 : 6995.69

    Double-precision compute (GFLOPS)
      double   : 508.07
      double2  : 507.34
      double4  : 503.60
      double8  : 500.00
      double16 : 494.81

    Integer compute (GIOPS)
      int   : 1427.61
      int2  : 1425.36

