
Platform: AMD Accelerated Parallel Processing
  Device: AMD Athlon(tm) 64 X2 Dual Core Processor 4400+
    Driver version : 1214.3 (sse2) (Linux x86)
    Compute units  : 2

    Global memory bandwidth (GBPS)
      float   : 2.78
      float2  : 2.64
      float4  : 3.80
      float8  : 2.71
      float16 : 2.08

    Single-precision compute (GFLOPS)
      float   : 0.85
      float2  : 0.83
      float4  : 3.34
      float8  : 3.36
      float16 : 2.28

    Double-precision compute (GFLOPS)
      double   : 0.85
      double2  : 1.69
      double4  : 1.69
      double8  : 1.71
      double16 : 0.99

    Integer compute (GIOPS)
      int   : 1.69
      int2  : 0.67
      int4  : 0.80
      int8  : 0.80
      int16 : 0.79

    Transfer bandwidth (GBPS)
      enqueueWriteBuffer         : 1.21
      enqueueReadBuffer          : 1.16
      enqueueMapBuffer(for read) : 6235.43
        memcpy from mapped ptr   : 1.17
      enqueueUnmap(after write)  : 8362.48
        memcpy to mapped ptr     : 1.03

    Kernel launch latency : 28.65 us

