
Platform: AMD Accelerated Parallel Processing
  Device: Intel(R) Core(TM) i5-4570 CPU @ 3.20GHz
    Driver version  : 1445.5 (sse2,avx) (Linux x64)
    Compute units   : 4
    Clock frequency : 3495 MHz

    Global memory bandwidth (GBPS)
      float   : 15.01
      float2  : 12.77
      float4  : 17.07
      float8  : 16.73
      float16 : 16.50

    Single-precision compute (GFLOPS)
      float   : 3.32
      float2  : 6.56
      float4  : 13.68
      float8  : 26.46
      float16 : 47.13

    Double-precision compute (GFLOPS)
      double   : 3.31
      double2  : 6.09
      double4  : 9.49
      double8  : 23.30
      double16 : 30.70

    Transfer bandwidth (GBPS)
      enqueueWriteBuffer         : 15.93
      enqueueReadBuffer          : 8.25
      enqueueMapBuffer(for read) : 23140.99
        memcpy from mapped ptr   : 5.58
      enqueueUnmap(after write)  : 83886.08
        memcpy to mapped ptr     : 5.58

    Kernel launch latency : 5.01 us

